{"/Users/kongmac/Desktop/SE Project/kimSS-Backend/middleware/auth.js": {"path":"/Users/kongmac/Desktop/SE Project/kimSS-Backend/middleware/auth.js","statementMap":{"0":{"start":{"line":1,"column":12},"end":{"line":1,"column":35}},"1":{"start":{"line":2,"column":13},"end":{"line":2,"column":38}},"2":{"start":{"line":4,"column":0},"end":{"line":30,"column":2}},"3":{"start":{"line":6,"column":2},"end":{"line":11,"column":3}},"4":{"start":{"line":10,"column":4},"end":{"line":10,"column":52}},"5":{"start":{"line":12,"column":2},"end":{"line":15,"column":79}},"6":{"start":{"line":13,"column":4},"end":{"line":15,"column":79}},"7":{"start":{"line":17,"column":2},"end":{"line":29,"column":3}},"8":{"start":{"line":19,"column":20},"end":{"line":19,"column":61}},"9":{"start":{"line":20,"column":4},"end":{"line":20,"column":25}},"10":{"start":{"line":21,"column":4},"end":{"line":21,"column":47}},"11":{"start":{"line":23,"column":4},"end":{"line":23,"column":11}},"12":{"start":{"line":25,"column":4},"end":{"line":25,"column":27}},"13":{"start":{"line":26,"column":4},"end":{"line":28,"column":79}},"14":{"start":{"line":32,"column":0},"end":{"line":42,"column":2}},"15":{"start":{"line":33,"column":2},"end":{"line":41,"column":4}},"16":{"start":{"line":34,"column":4},"end":{"line":39,"column":5}},"17":{"start":{"line":35,"column":6},"end":{"line":38,"column":9}},"18":{"start":{"line":40,"column":4},"end":{"line":40,"column":11}}},"fnMap":{"0":{"name":"(anonymous_0)","decl":{"start":{"line":4,"column":18},"end":{"line":4,"column":19}},"loc":{"start":{"line":4,"column":44},"end":{"line":30,"column":1}},"line":4},"1":{"name":"(anonymous_1)","decl":{"start":{"line":32,"column":20},"end":{"line":32,"column":21}},"loc":{"start":{"line":32,"column":34},"end":{"line":42,"column":1}},"line":32},"2":{"name":"(anonymous_2)","decl":{"start":{"line":33,"column":9},"end":{"line":33,"column":10}},"loc":{"start":{"line":33,"column":29},"end":{"line":41,"column":3}},"line":33}},"branchMap":{"0":{"loc":{"start":{"line":6,"column":2},"end":{"line":11,"column":3}},"type":"if","locations":[{"start":{"line":6,"column":2},"end":{"line":11,"column":3}},{"start":{},"end":{}}],"line":6},"1":{"loc":{"start":{"line":7,"column":4},"end":{"line":8,"column":50}},"type":"binary-expr","locations":[{"start":{"line":7,"column":4},"end":{"line":7,"column":29}},{"start":{"line":8,"column":4},"end":{"line":8,"column":50}}],"line":7},"2":{"loc":{"start":{"line":12,"column":2},"end":{"line":15,"column":79}},"type":"if","locations":[{"start":{"line":12,"column":2},"end":{"line":15,"column":79}},{"start":{},"end":{}}],"line":12},"3":{"loc":{"start":{"line":12,"column":6},"end":{"line":12,"column":31}},"type":"binary-expr","locations":[{"start":{"line":12,"column":6},"end":{"line":12,"column":12}},{"start":{"line":12,"column":16},"end":{"line":12,"column":31}}],"line":12},"4":{"loc":{"start":{"line":34,"column":4},"end":{"line":39,"column":5}},"type":"if","locations":[{"start":{"line":34,"column":4},"end":{"line":39,"column":5}},{"start":{},"end":{}}],"line":34}},"s":{"0":1,"1":1,"2":1,"3":2,"4":1,"5":2,"6":1,"7":1,"8":1,"9":1,"10":1,"11":1,"12":0,"13":0,"14":1,"15":0,"16":0,"17":0,"18":0},"f":{"0":2,"1":0,"2":0},"b":{"0":[1,1],"1":[2,1],"2":[1,1],"3":[2,1],"4":[0,0]},"_coverageSchema":"1a1c01bbd47fc00a2c39e90264f33305004495a9","hash":"a689b33b8d6db5908d004e95258e4b15bf49def3"}
,"/Users/kongmac/Desktop/SE Project/kimSS-Backend/models/Booking.js": {"path":"/Users/kongmac/Desktop/SE Project/kimSS-Backend/models/Booking.js","statementMap":{"0":{"start":{"line":1,"column":17},"end":{"line":1,"column":36}},"1":{"start":{"line":3,"column":22},"end":{"line":42,"column":2}},"2":{"start":{"line":44,"column":0},"end":{"line":44,"column":58}}},"fnMap":{},"branchMap":{},"s":{"0":1,"1":1,"2":1},"f":{},"b":{},"_coverageSchema":"1a1c01bbd47fc00a2c39e90264f33305004495a9","hash":"80eabda8d044a9b6241b682d36c1305f15553fbf"}
,"/Users/kongmac/Desktop/SE Project/kimSS-Backend/models/Feedback.js": {"path":"/Users/kongmac/Desktop/SE Project/kimSS-Backend/models/Feedback.js","statementMap":{"0":{"start":{"line":1,"column":17},"end":{"line":1,"column":36}},"1":{"start":{"line":2,"column":18},"end":{"line":2,"column":40}},"2":{"start":{"line":4,"column":23},"end":{"line":35,"column":2}},"3":{"start":{"line":37,"column":0},"end":{"line":64,"column":3}},"4":{"start":{"line":38,"column":4},"end":{"line":63,"column":5}},"5":{"start":{"line":39,"column":8},"end":{"line":39,"column":30}},"6":{"start":{"line":40,"column":23},"end":{"line":40,"column":39}},"7":{"start":{"line":41,"column":8},"end":{"line":41,"column":28}},"8":{"start":{"line":42,"column":20},"end":{"line":42,"column":49}},"9":{"start":{"line":43,"column":8},"end":{"line":46,"column":9}},"10":{"start":{"line":44,"column":12},"end":{"line":44,"column":56}},"11":{"start":{"line":48,"column":8},"end":{"line":57,"column":9}},"12":{"start":{"line":49,"column":27},"end":{"line":49,"column":71}},"13":{"start":{"line":50,"column":13},"end":{"line":50,"column":55}},"14":{"start":{"line":51,"column":13},"end":{"line":51,"column":44}},"15":{"start":{"line":52,"column":12},"end":{"line":52,"column":74}},"16":{"start":{"line":53,"column":12},"end":{"line":56,"column":15}},"17":{"start":{"line":59,"column":8},"end":{"line":59,"column":15}},"18":{"start":{"line":61,"column":8},"end":{"line":61,"column":33}},"19":{"start":{"line":62,"column":8},"end":{"line":62,"column":20}},"20":{"start":{"line":67,"column":0},"end":{"line":92,"column":3}},"21":{"start":{"line":68,"column":4},"end":{"line":91,"column":5}},"22":{"start":{"line":69,"column":8},"end":{"line":69,"column":30}},"23":{"start":{"line":70,"column":23},"end":{"line":70,"column":39}},"24":{"start":{"line":71,"column":8},"end":{"line":71,"column":28}},"25":{"start":{"line":72,"column":20},"end":{"line":72,"column":52}},"26":{"start":{"line":73,"column":8},"end":{"line":76,"column":9}},"27":{"start":{"line":74,"column":12},"end":{"line":74,"column":56}},"28":{"start":{"line":77,"column":27},"end":{"line":77,"column":66}},"29":{"start":{"line":78,"column":13},"end":{"line":78,"column":55}},"30":{"start":{"line":79,"column":13},"end":{"line":79,"column":44}},"31":{"start":{"line":80,"column":12},"end":{"line":80,"column":69}},"32":{"start":{"line":81,"column":12},"end":{"line":84,"column":15}},"33":{"start":{"line":87,"column":8},"end":{"line":87,"column":15}},"34":{"start":{"line":89,"column":8},"end":{"line":89,"column":33}},"35":{"start":{"line":90,"column":8},"end":{"line":90,"column":20}},"36":{"start":{"line":95,"column":0},"end":{"line":95,"column":60}}},"fnMap":{"0":{"name":"(anonymous_0)","decl":{"start":{"line":37,"column":33},"end":{"line":37,"column":34}},"loc":{"start":{"line":37,"column":54},"end":{"line":64,"column":1}},"line":37},"1":{"name":"(anonymous_1)","decl":{"start":{"line":67,"column":32},"end":{"line":67,"column":33}},"loc":{"start":{"line":67,"column":53},"end":{"line":92,"column":1}},"line":67}},"branchMap":{"0":{"loc":{"start":{"line":43,"column":8},"end":{"line":46,"column":9}},"type":"if","locations":[{"start":{"line":43,"column":8},"end":{"line":46,"column":9}},{"start":{},"end":{}}],"line":43},"1":{"loc":{"start":{"line":73,"column":8},"end":{"line":76,"column":9}},"type":"if","locations":[{"start":{"line":73,"column":8},"end":{"line":76,"column":9}},{"start":{},"end":{}}],"line":73}},"s":{"0":1,"1":1,"2":1,"3":1,"4":0,"5":0,"6":0,"7":0,"8":0,"9":0,"10":0,"11":0,"12":0,"13":0,"14":0,"15":0,"16":0,"17":0,"18":0,"19":0,"20":1,"21":0,"22":0,"23":0,"24":0,"25":0,"26":0,"27":0,"28":0,"29":0,"30":0,"31":0,"32":0,"33":0,"34":0,"35":0,"36":1},"f":{"0":0,"1":0},"b":{"0":[0,0],"1":[0,0]},"_coverageSchema":"1a1c01bbd47fc00a2c39e90264f33305004495a9","hash":"f4de8e1415216ed05f20654d7ef555b25172aa1c"}
,"/Users/kongmac/Desktop/SE Project/kimSS-Backend/models/Promotion.js": {"path":"/Users/kongmac/Desktop/SE Project/kimSS-Backend/models/Promotion.js","statementMap":{"0":{"start":{"line":1,"column":17},"end":{"line":1,"column":36}},"1":{"start":{"line":3,"column":24},"end":{"line":37,"column":2}},"2":{"start":{"line":39,"column":0},"end":{"line":39,"column":62}}},"fnMap":{},"branchMap":{},"s":{"0":1,"1":1,"2":1},"f":{},"b":{},"_coverageSchema":"1a1c01bbd47fc00a2c39e90264f33305004495a9","hash":"446a352f794b07edc6bc17dfda474728b2033463"}
,"/Users/kongmac/Desktop/SE Project/kimSS-Backend/models/User.js": {"path":"/Users/kongmac/Desktop/SE Project/kimSS-Backend/models/User.js","statementMap":{"0":{"start":{"line":1,"column":17},"end":{"line":1,"column":36}},"1":{"start":{"line":2,"column":15},"end":{"line":2,"column":34}},"2":{"start":{"line":3,"column":12},"end":{"line":3,"column":35}},"3":{"start":{"line":4,"column":16},"end":{"line":4,"column":36}},"4":{"start":{"line":5,"column":17},"end":{"line":5,"column":38}},"5":{"start":{"line":7,"column":19},"end":{"line":50,"column":1}},"6":{"start":{"line":53,"column":0},"end":{"line":56,"column":3}},"7":{"start":{"line":54,"column":15},"end":{"line":54,"column":39}},"8":{"start":{"line":55,"column":2},"end":{"line":55,"column":57}},"9":{"start":{"line":58,"column":0},"end":{"line":62,"column":2}},"10":{"start":{"line":59,"column":2},"end":{"line":61,"column":5}},"11":{"start":{"line":64,"column":0},"end":{"line":66,"column":2}},"12":{"start":{"line":65,"column":2},"end":{"line":65,"column":62}},"13":{"start":{"line":68,"column":0},"end":{"line":90,"column":2}},"14":{"start":{"line":69,"column":2},"end":{"line":89,"column":3}},"15":{"start":{"line":70,"column":6},"end":{"line":70,"column":29}},"16":{"start":{"line":71,"column":21},"end":{"line":71,"column":37}},"17":{"start":{"line":73,"column":18},"end":{"line":73,"column":50}},"18":{"start":{"line":74,"column":6},"end":{"line":77,"column":7}},"19":{"start":{"line":75,"column":10},"end":{"line":75,"column":54}},"20":{"start":{"line":79,"column":6},"end":{"line":79,"column":50}},"21":{"start":{"line":82,"column":18},"end":{"line":82,"column":59}},"22":{"start":{"line":83,"column":6},"end":{"line":83,"column":23}},"23":{"start":{"line":84,"column":6},"end":{"line":84,"column":51}},"24":{"start":{"line":85,"column":6},"end":{"line":85,"column":13}},"25":{"start":{"line":87,"column":6},"end":{"line":87,"column":31}},"26":{"start":{"line":88,"column":6},"end":{"line":88,"column":18}},"27":{"start":{"line":93,"column":0},"end":{"line":93,"column":52}}},"fnMap":{"0":{"name":"(anonymous_0)","decl":{"start":{"line":53,"column":23},"end":{"line":53,"column":24}},"loc":{"start":{"line":53,"column":45},"end":{"line":56,"column":1}},"line":53},"1":{"name":"(anonymous_1)","decl":{"start":{"line":58,"column":39},"end":{"line":58,"column":40}},"loc":{"start":{"line":58,"column":51},"end":{"line":62,"column":1}},"line":58},"2":{"name":"(anonymous_2)","decl":{"start":{"line":64,"column":35},"end":{"line":64,"column":36}},"loc":{"start":{"line":64,"column":68},"end":{"line":66,"column":1}},"line":64},"3":{"name":"(anonymous_3)","decl":{"start":{"line":68,"column":35},"end":{"line":68,"column":36}},"loc":{"start":{"line":68,"column":55},"end":{"line":90,"column":1}},"line":68}},"branchMap":{"0":{"loc":{"start":{"line":74,"column":6},"end":{"line":77,"column":7}},"type":"if","locations":[{"start":{"line":74,"column":6},"end":{"line":77,"column":7}},{"start":{},"end":{}}],"line":74}},"s":{"0":1,"1":1,"2":1,"3":1,"4":1,"5":1,"6":1,"7":1,"8":1,"9":1,"10":0,"11":1,"12":0,"13":1,"14":0,"15":0,"16":0,"17":0,"18":0,"19":0,"20":0,"21":0,"22":0,"23":0,"24":0,"25":0,"26":0,"27":1},"f":{"0":1,"1":0,"2":0,"3":0},"b":{"0":[0,0]},"_coverageSchema":"1a1c01bbd47fc00a2c39e90264f33305004495a9","hash":"26837e2adca1e4974f67b0cef1b7cb4ed91c8f54"}
,"/Users/kongmac/Desktop/SE Project/kimSS-Backend/test/getFeedbacks.js": {"path":"/Users/kongmac/Desktop/SE Project/kimSS-Backend/test/getFeedbacks.js","statementMap":{"0":{"start":{"line":1,"column":17},"end":{"line":1,"column":46}},"1":{"start":{"line":2,"column":18},"end":{"line":2,"column":48}},"2":{"start":{"line":4,"column":21},"end":{"line":16,"column":1}},"3":{"start":{"line":5,"column":4},"end":{"line":15,"column":5}},"4":{"start":{"line":6,"column":22},"end":{"line":6,"column":61}},"5":{"start":{"line":7,"column":8},"end":{"line":9,"column":9}},"6":{"start":{"line":8,"column":12},"end":{"line":8,"column":86}},"7":{"start":{"line":10,"column":26},"end":{"line":10,"column":74}},"8":{"start":{"line":11,"column":8},"end":{"line":11,"column":61}},"9":{"start":{"line":13,"column":8},"end":{"line":13,"column":33}},"10":{"start":{"line":14,"column":8},"end":{"line":14,"column":88}},"11":{"start":{"line":21,"column":0},"end":{"line":21,"column":30}}},"fnMap":{"0":{"name":"(anonymous_0)","decl":{"start":{"line":4,"column":21},"end":{"line":4,"column":22}},"loc":{"start":{"line":4,"column":46},"end":{"line":16,"column":1}},"line":4}},"branchMap":{"0":{"loc":{"start":{"line":7,"column":8},"end":{"line":9,"column":9}},"type":"if","locations":[{"start":{"line":7,"column":8},"end":{"line":9,"column":9}},{"start":{},"end":{}}],"line":7}},"s":{"0":1,"1":1,"2":1,"3":3,"4":3,"5":2,"6":1,"7":1,"8":1,"9":1,"10":1,"11":1},"f":{"0":3},"b":{"0":[1,1]},"_coverageSchema":"1a1c01bbd47fc00a2c39e90264f33305004495a9","hash":"bef0301f6a333adad1008d64f6aee4494837a2e2"}
,"/Users/kongmac/Desktop/SE Project/kimSS-Backend/test/getMe.js": {"path":"/Users/kongmac/Desktop/SE Project/kimSS-Backend/test/getMe.js","statementMap":{"0":{"start":{"line":1,"column":13},"end":{"line":1,"column":38}},"1":{"start":{"line":2,"column":12},"end":{"line":2,"column":35}},"2":{"start":{"line":5,"column":0},"end":{"line":8,"column":4}},"3":{"start":{"line":6,"column":17},"end":{"line":6,"column":49}},"4":{"start":{"line":7,"column":4},"end":{"line":7,"column":56}}},"fnMap":{"0":{"name":"(anonymous_0)","decl":{"start":{"line":5,"column":16},"end":{"line":5,"column":17}},"loc":{"start":{"line":5,"column":42},"end":{"line":8,"column":3}},"line":5}},"branchMap":{},"s":{"0":1,"1":1,"2":1,"3":1,"4":1},"f":{"0":1},"b":{},"_coverageSchema":"1a1c01bbd47fc00a2c39e90264f33305004495a9","hash":"197a6230592f600a5db417553982e410d5eda600"}
,"/Users/kongmac/Desktop/SE Project/kimSS-Backend/test/testServer.js": {"path":"/Users/kongmac/Desktop/SE Project/kimSS-Backend/test/testServer.js","statementMap":{"0":{"start":{"line":1,"column":16},"end":{"line":1,"column":34}},"1":{"start":{"line":2,"column":15},"end":{"line":2,"column":32}},"2":{"start":{"line":3,"column":21},"end":{"line":3,"column":45}},"3":{"start":{"line":5,"column":0},"end":{"line":5,"column":48}},"4":{"start":{"line":6,"column":21},"end":{"line":6,"column":46}},"5":{"start":{"line":7,"column":16},"end":{"line":7,"column":34}},"6":{"start":{"line":8,"column":18},"end":{"line":8,"column":47}},"7":{"start":{"line":10,"column":12},"end":{"line":10,"column":21}},"8":{"start":{"line":11,"column":13},"end":{"line":11,"column":28}},"9":{"start":{"line":12,"column":0},"end":{"line":12,"column":16}},"10":{"start":{"line":13,"column":0},"end":{"line":13,"column":47}},"11":{"start":{"line":14,"column":0},"end":{"line":14,"column":43}},"12":{"start":{"line":18,"column":0},"end":{"line":18,"column":24}},"13":{"start":{"line":20,"column":13},"end":{"line":20,"column":17}},"14":{"start":{"line":21,"column":15},"end":{"line":28,"column":1}},"15":{"start":{"line":37,"column":0},"end":{"line":37,"column":21}}},"fnMap":{},"branchMap":{},"s":{"0":1,"1":1,"2":1,"3":1,"4":1,"5":1,"6":1,"7":1,"8":1,"9":1,"10":1,"11":1,"12":1,"13":1,"14":1,"15":1},"f":{},"b":{},"_coverageSchema":"1a1c01bbd47fc00a2c39e90264f33305004495a9","hash":"982182908538d7cf09d01a15a00e988e449f8104"}
}
